{"/Users/tusvel/WebstormProjects/public_frontend/config/jest/jestEmptyComponent.tsx": {"path":"/Users/tusvel/WebstormProjects/public_frontend/config/jest/jestEmptyComponent.tsx","statementMap":{"0":{"start":{"line":1,"column":27},"end":{"line":1,"column":40}},"1":{"start":{"line":1,"column":33},"end":{"line":1,"column":40}}},"fnMap":{"0":{"name":"(anonymous_0)","decl":{"start":{"line":1,"column":27},"end":{"line":1,"column":28}},"loc":{"start":{"line":1,"column":33},"end":{"line":1,"column":40}},"line":1}},"branchMap":{},"s":{"0":1,"1":9},"f":{"0":9},"b":{},"_coverageSchema":"1a1c01bbd47fc00a2c39e90264f33305004495a9","hash":"e0cd2e0bab436c7a236e3d8e95a25915ae8e1cd3"}
,"/Users/tusvel/WebstormProjects/public_frontend/src/app/providers/ThemeProvider/index.ts": {"path":"/Users/tusvel/WebstormProjects/public_frontend/src/app/providers/ThemeProvider/index.ts","statementMap":{},"fnMap":{},"branchMap":{},"s":{},"f":{},"b":{},"_coverageSchema":"1a1c01bbd47fc00a2c39e90264f33305004495a9","hash":"5f31a09a6b425294f8023ee5978e2526a352ae55"}
,"/Users/tusvel/WebstormProjects/public_frontend/src/app/providers/ThemeProvider/lib/ThemeContext.ts": {"path":"/Users/tusvel/WebstormProjects/public_frontend/src/app/providers/ThemeProvider/lib/ThemeContext.ts","statementMap":{"0":{"start":{"line":13,"column":28},"end":{"line":13,"column":64}},"1":{"start":{"line":15,"column":39},"end":{"line":15,"column":46}}},"fnMap":{},"branchMap":{},"s":{"0":1,"1":1},"f":{},"b":{},"_coverageSchema":"1a1c01bbd47fc00a2c39e90264f33305004495a9","hash":"972b619785ac54cc217839d544b6c1debb29657f"}
,"/Users/tusvel/WebstormProjects/public_frontend/src/app/providers/ThemeProvider/lib/useTheme.ts": {"path":"/Users/tusvel/WebstormProjects/public_frontend/src/app/providers/ThemeProvider/lib/useTheme.ts","statementMap":{"0":{"start":{"line":9,"column":24},"end":{"line":22,"column":1}},"1":{"start":{"line":10,"column":30},"end":{"line":10,"column":54}},"2":{"start":{"line":12,"column":22},"end":{"line":16,"column":3}},"3":{"start":{"line":13,"column":21},"end":{"line":13,"column":68}},"4":{"start":{"line":14,"column":4},"end":{"line":14,"column":23}},"5":{"start":{"line":15,"column":4},"end":{"line":15,"column":60}},"6":{"start":{"line":18,"column":2},"end":{"line":21,"column":4}}},"fnMap":{"0":{"name":"(anonymous_0)","decl":{"start":{"line":9,"column":24},"end":{"line":9,"column":25}},"loc":{"start":{"line":9,"column":46},"end":{"line":22,"column":1}},"line":9},"1":{"name":"(anonymous_1)","decl":{"start":{"line":12,"column":22},"end":{"line":12,"column":23}},"loc":{"start":{"line":12,"column":28},"end":{"line":16,"column":3}},"line":12}},"branchMap":{"0":{"loc":{"start":{"line":13,"column":21},"end":{"line":13,"column":68}},"type":"cond-expr","locations":[{"start":{"line":13,"column":44},"end":{"line":13,"column":55}},{"start":{"line":13,"column":58},"end":{"line":13,"column":68}}],"line":13}},"s":{"0":1,"1":3,"2":3,"3":0,"4":0,"5":0,"6":3},"f":{"0":3,"1":0},"b":{"0":[0,0]},"_coverageSchema":"1a1c01bbd47fc00a2c39e90264f33305004495a9","hash":"f566ddce9260960d1ef1576bdd29984f3268ac19"}
,"/Users/tusvel/WebstormProjects/public_frontend/src/app/providers/ThemeProvider/ui/ThemeProvider.tsx": {"path":"/Users/tusvel/WebstormProjects/public_frontend/src/app/providers/ThemeProvider/ui/ThemeProvider.tsx","statementMap":{"0":{"start":{"line":15,"column":2},"end":{"line":15,"column":73}},"1":{"start":{"line":17,"column":52},"end":{"line":33,"column":1}},"2":{"start":{"line":18,"column":28},"end":{"line":18,"column":57}},"3":{"start":{"line":20,"column":42},"end":{"line":26,"column":3}},"4":{"start":{"line":21,"column":11},"end":{"line":24,"column":5}},"5":{"start":{"line":28,"column":2},"end":{"line":32,"column":4}}},"fnMap":{"0":{"name":"(anonymous_0)","decl":{"start":{"line":17,"column":52},"end":{"line":17,"column":53}},"loc":{"start":{"line":17,"column":70},"end":{"line":33,"column":1}},"line":17},"1":{"name":"(anonymous_1)","decl":{"start":{"line":21,"column":4},"end":{"line":21,"column":5}},"loc":{"start":{"line":21,"column":11},"end":{"line":24,"column":5}},"line":21}},"branchMap":{"0":{"loc":{"start":{"line":15,"column":2},"end":{"line":15,"column":73}},"type":"binary-expr","locations":[{"start":{"line":15,"column":3},"end":{"line":15,"column":57}},{"start":{"line":15,"column":62},"end":{"line":15,"column":73}}],"line":15}},"s":{"0":1,"1":1,"2":0,"3":0,"4":0,"5":0},"f":{"0":0,"1":0},"b":{"0":[1,1]},"_coverageSchema":"1a1c01bbd47fc00a2c39e90264f33305004495a9","hash":"0c84ae154fe098e44536027d43dae88983ffe5be"}
,"/Users/tusvel/WebstormProjects/public_frontend/src/pages/AboutPage/index.ts": {"path":"/Users/tusvel/WebstormProjects/public_frontend/src/pages/AboutPage/index.ts","statementMap":{},"fnMap":{},"branchMap":{},"s":{},"f":{},"b":{},"_coverageSchema":"1a1c01bbd47fc00a2c39e90264f33305004495a9","hash":"04b783a8c9d53edb0bae4d7fcec2e3f617daa6cb"}
,"/Users/tusvel/WebstormProjects/public_frontend/src/pages/AboutPage/ui/AboutPage.async.tsx": {"path":"/Users/tusvel/WebstormProjects/public_frontend/src/pages/AboutPage/ui/AboutPage.async.tsx","statementMap":{"0":{"start":{"line":3,"column":30},"end":{"line":3,"column":69}},"1":{"start":{"line":3,"column":47},"end":{"line":3,"column":68}}},"fnMap":{"0":{"name":"(anonymous_0)","decl":{"start":{"line":3,"column":35},"end":{"line":3,"column":36}},"loc":{"start":{"line":3,"column":47},"end":{"line":3,"column":68}},"line":3}},"branchMap":{},"s":{"0":1,"1":0},"f":{"0":0},"b":{},"_coverageSchema":"1a1c01bbd47fc00a2c39e90264f33305004495a9","hash":"8787e7b19de483819a7ccabf32d10d6c3ba34fb9"}
,"/Users/tusvel/WebstormProjects/public_frontend/src/pages/MainPage/index.ts": {"path":"/Users/tusvel/WebstormProjects/public_frontend/src/pages/MainPage/index.ts","statementMap":{},"fnMap":{},"branchMap":{},"s":{},"f":{},"b":{},"_coverageSchema":"1a1c01bbd47fc00a2c39e90264f33305004495a9","hash":"5f991b36968aa0e58cb26ea2d3b270fd79e8888d"}
,"/Users/tusvel/WebstormProjects/public_frontend/src/pages/MainPage/ui/MainPage.async.tsx": {"path":"/Users/tusvel/WebstormProjects/public_frontend/src/pages/MainPage/ui/MainPage.async.tsx","statementMap":{"0":{"start":{"line":3,"column":29},"end":{"line":3,"column":67}},"1":{"start":{"line":3,"column":46},"end":{"line":3,"column":66}}},"fnMap":{"0":{"name":"(anonymous_0)","decl":{"start":{"line":3,"column":34},"end":{"line":3,"column":35}},"loc":{"start":{"line":3,"column":46},"end":{"line":3,"column":66}},"line":3}},"branchMap":{},"s":{"0":1,"1":0},"f":{"0":0},"b":{},"_coverageSchema":"1a1c01bbd47fc00a2c39e90264f33305004495a9","hash":"4aff08c3ff642e550843fbb03f1b5b1de7693e53"}
,"/Users/tusvel/WebstormProjects/public_frontend/src/pages/NotFoundPage/index.ts": {"path":"/Users/tusvel/WebstormProjects/public_frontend/src/pages/NotFoundPage/index.ts","statementMap":{},"fnMap":{},"branchMap":{},"s":{},"f":{},"b":{},"_coverageSchema":"1a1c01bbd47fc00a2c39e90264f33305004495a9","hash":"21b293ab1183c522438bcda86db6bd092c1f6f48"}
,"/Users/tusvel/WebstormProjects/public_frontend/src/pages/NotFoundPage/ui/NotFoundPage.async.tsx": {"path":"/Users/tusvel/WebstormProjects/public_frontend/src/pages/NotFoundPage/ui/NotFoundPage.async.tsx","statementMap":{"0":{"start":{"line":3,"column":33},"end":{"line":3,"column":75}},"1":{"start":{"line":3,"column":50},"end":{"line":3,"column":74}}},"fnMap":{"0":{"name":"(anonymous_0)","decl":{"start":{"line":3,"column":38},"end":{"line":3,"column":39}},"loc":{"start":{"line":3,"column":50},"end":{"line":3,"column":74}},"line":3}},"branchMap":{},"s":{"0":1,"1":0},"f":{"0":0},"b":{},"_coverageSchema":"1a1c01bbd47fc00a2c39e90264f33305004495a9","hash":"c5766393e3ca98e2015400071ad951343adc0102"}
,"/Users/tusvel/WebstormProjects/public_frontend/src/shared/config/i18n/i18nForTest.ts": {"path":"/Users/tusvel/WebstormProjects/public_frontend/src/shared/config/i18n/i18nForTest.ts","statementMap":{"0":{"start":{"line":4,"column":0},"end":{"line":17,"column":4}},"1":{"start":{"line":15,"column":10},"end":{"line":15,"column":19}},"2":{"start":{"line":16,"column":10},"end":{"line":16,"column":19}}},"fnMap":{"0":{"name":"(anonymous_0)","decl":{"start":{"line":15,"column":4},"end":{"line":15,"column":5}},"loc":{"start":{"line":15,"column":10},"end":{"line":15,"column":19}},"line":15},"1":{"name":"(anonymous_1)","decl":{"start":{"line":16,"column":4},"end":{"line":16,"column":5}},"loc":{"start":{"line":16,"column":10},"end":{"line":16,"column":19}},"line":16}},"branchMap":{},"s":{"0":1,"1":1,"2":0},"f":{"0":1,"1":0},"b":{},"_coverageSchema":"1a1c01bbd47fc00a2c39e90264f33305004495a9","hash":"b2d6132ce12eb7c8186041aa866b5024d25e8a22"}
,"/Users/tusvel/WebstormProjects/public_frontend/src/shared/config/routeConfig/routeConfig.tsx": {"path":"/Users/tusvel/WebstormProjects/public_frontend/src/shared/config/routeConfig/routeConfig.tsx","statementMap":{"0":{"start":{"line":12,"column":52},"end":{"line":17,"column":1}},"1":{"start":{"line":19,"column":58},"end":{"line":32,"column":1}}},"fnMap":{},"branchMap":{},"s":{"0":1,"1":1},"f":{},"b":{},"_coverageSchema":"1a1c01bbd47fc00a2c39e90264f33305004495a9","hash":"1d2ce5cd48d78fb29a17eb70adb84cc2c2e446c9"}
,"/Users/tusvel/WebstormProjects/public_frontend/src/shared/lib/classNames/classNames.ts": {"path":"/Users/tusvel/WebstormProjects/public_frontend/src/shared/lib/classNames/classNames.ts","statementMap":{"0":{"start":{"line":8,"column":2},"end":{"line":14,"column":14}},"1":{"start":{"line":12,"column":30},"end":{"line":12,"column":44}},"2":{"start":{"line":13,"column":28},"end":{"line":13,"column":37}}},"fnMap":{"0":{"name":"classNames","decl":{"start":{"line":3,"column":16},"end":{"line":3,"column":26}},"loc":{"start":{"line":7,"column":10},"end":{"line":15,"column":1}},"line":7},"1":{"name":"(anonymous_1)","decl":{"start":{"line":12,"column":14},"end":{"line":12,"column":15}},"loc":{"start":{"line":12,"column":30},"end":{"line":12,"column":44}},"line":12},"2":{"name":"(anonymous_2)","decl":{"start":{"line":13,"column":11},"end":{"line":13,"column":12}},"loc":{"start":{"line":13,"column":28},"end":{"line":13,"column":37}},"line":13}},"branchMap":{"0":{"loc":{"start":{"line":5,"column":2},"end":{"line":5,"column":17}},"type":"default-arg","locations":[{"start":{"line":5,"column":15},"end":{"line":5,"column":17}}],"line":5},"1":{"loc":{"start":{"line":6,"column":2},"end":{"line":6,"column":39}},"type":"default-arg","locations":[{"start":{"line":6,"column":37},"end":{"line":6,"column":39}}],"line":6}},"s":{"0":28,"1":20,"2":8},"f":{"0":28,"1":20,"2":8},"b":{"0":[1],"1":[1]},"_coverageSchema":"1a1c01bbd47fc00a2c39e90264f33305004495a9","hash":"b705c6df37038c197bfe851392f700efaf859e1e"}
,"/Users/tusvel/WebstormProjects/public_frontend/src/shared/lib/tests/componentRender/componentRender.tsx": {"path":"/Users/tusvel/WebstormProjects/public_frontend/src/shared/lib/tests/componentRender/componentRender.tsx","statementMap":{"0":{"start":{"line":11,"column":31},"end":{"line":22,"column":1}},"1":{"start":{"line":15,"column":26},"end":{"line":15,"column":33}},"2":{"start":{"line":17,"column":2},"end":{"line":21,"column":4}}},"fnMap":{"0":{"name":"(anonymous_0)","decl":{"start":{"line":11,"column":31},"end":{"line":11,"column":32}},"loc":{"start":{"line":14,"column":5},"end":{"line":22,"column":1}},"line":14}},"branchMap":{"0":{"loc":{"start":{"line":13,"column":2},"end":{"line":13,"column":38}},"type":"default-arg","locations":[{"start":{"line":13,"column":36},"end":{"line":13,"column":38}}],"line":13},"1":{"loc":{"start":{"line":15,"column":10},"end":{"line":15,"column":21}},"type":"default-arg","locations":[{"start":{"line":15,"column":18},"end":{"line":15,"column":21}}],"line":15}},"s":{"0":1,"1":2,"2":2},"f":{"0":2},"b":{"0":[2],"1":[2]},"_coverageSchema":"1a1c01bbd47fc00a2c39e90264f33305004495a9","hash":"fcb82fa91d009db9693d90516a8b94d664586919"}
,"/Users/tusvel/WebstormProjects/public_frontend/src/shared/ui/AppLink/AppLink.tsx": {"path":"/Users/tusvel/WebstormProjects/public_frontend/src/shared/ui/AppLink/AppLink.tsx","statementMap":{"0":{"start":{"line":18,"column":61},"end":{"line":36,"column":1}},"1":{"start":{"line":25,"column":6},"end":{"line":25,"column":11}},"2":{"start":{"line":27,"column":2},"end":{"line":35,"column":4}}},"fnMap":{"0":{"name":"(anonymous_0)","decl":{"start":{"line":18,"column":61},"end":{"line":18,"column":62}},"loc":{"start":{"line":18,"column":72},"end":{"line":36,"column":1}},"line":18}},"branchMap":{"0":{"loc":{"start":{"line":23,"column":4},"end":{"line":23,"column":32}},"type":"default-arg","locations":[{"start":{"line":23,"column":12},"end":{"line":23,"column":32}}],"line":23}},"s":{"0":1,"1":6,"2":6},"f":{"0":6},"b":{"0":[0]},"_coverageSchema":"1a1c01bbd47fc00a2c39e90264f33305004495a9","hash":"98be22561a3bf392024385bb771135c2c302041c"}
,"/Users/tusvel/WebstormProjects/public_frontend/src/shared/ui/Button/Button.tsx": {"path":"/Users/tusvel/WebstormProjects/public_frontend/src/shared/ui/Button/Button.tsx","statementMap":{"0":{"start":{"line":29,"column":59},"end":{"line":50,"column":1}},"1":{"start":{"line":37,"column":6},"end":{"line":37,"column":11}},"2":{"start":{"line":39,"column":21},"end":{"line":39,"column":55}},"3":{"start":{"line":40,"column":15},"end":{"line":40,"column":39}},"4":{"start":{"line":42,"column":2},"end":{"line":49,"column":4}}},"fnMap":{"0":{"name":"(anonymous_0)","decl":{"start":{"line":29,"column":59},"end":{"line":29,"column":60}},"loc":{"start":{"line":29,"column":70},"end":{"line":50,"column":1}},"line":29}},"branchMap":{"0":{"loc":{"start":{"line":33,"column":4},"end":{"line":33,"column":31}},"type":"default-arg","locations":[{"start":{"line":33,"column":12},"end":{"line":33,"column":31}}],"line":33},"1":{"loc":{"start":{"line":34,"column":4},"end":{"line":34,"column":23}},"type":"default-arg","locations":[{"start":{"line":34,"column":11},"end":{"line":34,"column":23}}],"line":34},"2":{"loc":{"start":{"line":35,"column":4},"end":{"line":35,"column":18}},"type":"default-arg","locations":[{"start":{"line":35,"column":13},"end":{"line":35,"column":18}}],"line":35}},"s":{"0":2,"1":11,"2":11,"3":11,"4":11},"f":{"0":11},"b":{"0":[4],"1":[11],"2":[8]},"_coverageSchema":"1a1c01bbd47fc00a2c39e90264f33305004495a9","hash":"4938523c486a6d6aa6cf924192828d0a1f052c22"}
,"/Users/tusvel/WebstormProjects/public_frontend/src/widgets/LangSwitcher/index.ts": {"path":"/Users/tusvel/WebstormProjects/public_frontend/src/widgets/LangSwitcher/index.ts","statementMap":{},"fnMap":{},"branchMap":{},"s":{},"f":{},"b":{},"_coverageSchema":"1a1c01bbd47fc00a2c39e90264f33305004495a9","hash":"fc002080e2564688cfaf388861c6553e1cc9c0a8"}
,"/Users/tusvel/WebstormProjects/public_frontend/src/widgets/LangSwitcher/ui/LangSwitcher.tsx": {"path":"/Users/tusvel/WebstormProjects/public_frontend/src/widgets/LangSwitcher/ui/LangSwitcher.tsx","statementMap":{"0":{"start":{"line":11,"column":51},"end":{"line":30,"column":1}},"1":{"start":{"line":12,"column":22},"end":{"line":12,"column":38}},"2":{"start":{"line":13,"column":31},"end":{"line":13,"column":36}},"3":{"start":{"line":15,"column":25},"end":{"line":20,"column":3}},"4":{"start":{"line":16,"column":4},"end":{"line":19,"column":6}},"5":{"start":{"line":17,"column":12},"end":{"line":17,"column":21}},"6":{"start":{"line":18,"column":12},"end":{"line":18,"column":21}},"7":{"start":{"line":22,"column":2},"end":{"line":29,"column":4}}},"fnMap":{"0":{"name":"(anonymous_0)","decl":{"start":{"line":11,"column":51},"end":{"line":11,"column":52}},"loc":{"start":{"line":11,"column":62},"end":{"line":30,"column":1}},"line":11},"1":{"name":"(anonymous_1)","decl":{"start":{"line":15,"column":25},"end":{"line":15,"column":26}},"loc":{"start":{"line":15,"column":31},"end":{"line":20,"column":3}},"line":15},"2":{"name":"(anonymous_2)","decl":{"start":{"line":17,"column":6},"end":{"line":17,"column":7}},"loc":{"start":{"line":17,"column":12},"end":{"line":17,"column":21}},"line":17},"3":{"name":"(anonymous_3)","decl":{"start":{"line":18,"column":6},"end":{"line":18,"column":7}},"loc":{"start":{"line":18,"column":12},"end":{"line":18,"column":21}},"line":18}},"branchMap":{"0":{"loc":{"start":{"line":16,"column":24},"end":{"line":16,"column":60}},"type":"cond-expr","locations":[{"start":{"line":16,"column":49},"end":{"line":16,"column":53}},{"start":{"line":16,"column":56},"end":{"line":16,"column":60}}],"line":16},"1":{"loc":{"start":{"line":27,"column":9},"end":{"line":27,"column":41}},"type":"cond-expr","locations":[{"start":{"line":27,"column":17},"end":{"line":27,"column":32}},{"start":{"line":27,"column":35},"end":{"line":27,"column":41}}],"line":27}},"s":{"0":1,"1":3,"2":3,"3":3,"4":0,"5":0,"6":0,"7":3},"f":{"0":3,"1":0,"2":0,"3":0},"b":{"0":[0,0],"1":[1,2]},"_coverageSchema":"1a1c01bbd47fc00a2c39e90264f33305004495a9","hash":"bcff605d392d75f7bb3fbf123a913f819c5894e7"}
,"/Users/tusvel/WebstormProjects/public_frontend/src/widgets/Sidebar/index.ts": {"path":"/Users/tusvel/WebstormProjects/public_frontend/src/widgets/Sidebar/index.ts","statementMap":{},"fnMap":{},"branchMap":{},"s":{},"f":{},"b":{},"_coverageSchema":"1a1c01bbd47fc00a2c39e90264f33305004495a9","hash":"71885952b46a648876074af08b0a037733818ad3"}
,"/Users/tusvel/WebstormProjects/public_frontend/src/widgets/Sidebar/ui/Sidebar/Sidebar.tsx": {"path":"/Users/tusvel/WebstormProjects/public_frontend/src/widgets/Sidebar/ui/Sidebar/Sidebar.tsx","statementMap":{"0":{"start":{"line":17,"column":41},"end":{"line":67,"column":1}},"1":{"start":{"line":18,"column":24},"end":{"line":18,"column":29}},"2":{"start":{"line":19,"column":16},"end":{"line":19,"column":32}},"3":{"start":{"line":21,"column":36},"end":{"line":21,"column":51}},"4":{"start":{"line":23,"column":26},"end":{"line":25,"column":3}},"5":{"start":{"line":24,"column":4},"end":{"line":24,"column":34}},"6":{"start":{"line":24,"column":27},"end":{"line":24,"column":32}},"7":{"start":{"line":27,"column":2},"end":{"line":66,"column":4}}},"fnMap":{"0":{"name":"(anonymous_0)","decl":{"start":{"line":17,"column":41},"end":{"line":17,"column":42}},"loc":{"start":{"line":17,"column":52},"end":{"line":67,"column":1}},"line":17},"1":{"name":"(anonymous_1)","decl":{"start":{"line":23,"column":26},"end":{"line":23,"column":27}},"loc":{"start":{"line":23,"column":32},"end":{"line":25,"column":3}},"line":23},"2":{"name":"(anonymous_2)","decl":{"start":{"line":24,"column":17},"end":{"line":24,"column":18}},"loc":{"start":{"line":24,"column":27},"end":{"line":24,"column":32}},"line":24}},"branchMap":{"0":{"loc":{"start":{"line":41,"column":9},"end":{"line":41,"column":30}},"type":"cond-expr","locations":[{"start":{"line":41,"column":21},"end":{"line":41,"column":24}},{"start":{"line":41,"column":27},"end":{"line":41,"column":30}}],"line":41}},"s":{"0":1,"1":3,"2":3,"3":3,"4":3,"5":1,"6":1,"7":3},"f":{"0":3,"1":1,"2":1},"b":{"0":[1,2]},"_coverageSchema":"1a1c01bbd47fc00a2c39e90264f33305004495a9","hash":"7fff33d5cf6784a12e87121ff452dee8192f5093"}
,"/Users/tusvel/WebstormProjects/public_frontend/src/widgets/ThemeSwitcher/index.ts": {"path":"/Users/tusvel/WebstormProjects/public_frontend/src/widgets/ThemeSwitcher/index.ts","statementMap":{},"fnMap":{},"branchMap":{},"s":{},"f":{},"b":{},"_coverageSchema":"1a1c01bbd47fc00a2c39e90264f33305004495a9","hash":"cce1ee287f84f137dd38c7d1e7895c1c9943bd77"}
,"/Users/tusvel/WebstormProjects/public_frontend/src/widgets/ThemeSwitcher/ui/ThemeSwitcher.tsx": {"path":"/Users/tusvel/WebstormProjects/public_frontend/src/widgets/ThemeSwitcher/ui/ThemeSwitcher.tsx","statementMap":{"0":{"start":{"line":7,"column":33},"end":{"line":17,"column":1}},"1":{"start":{"line":8,"column":33},"end":{"line":8,"column":43}},"2":{"start":{"line":10,"column":2},"end":{"line":16,"column":4}}},"fnMap":{"0":{"name":"(anonymous_0)","decl":{"start":{"line":7,"column":33},"end":{"line":7,"column":34}},"loc":{"start":{"line":7,"column":39},"end":{"line":17,"column":1}},"line":7}},"branchMap":{"0":{"loc":{"start":{"line":13,"column":9},"end":{"line":13,"column":63}},"type":"cond-expr","locations":[{"start":{"line":13,"column":33},"end":{"line":13,"column":46}},{"start":{"line":13,"column":49},"end":{"line":13,"column":63}}],"line":13}},"s":{"0":1,"1":3,"2":3},"f":{"0":3},"b":{"0":[0,3]},"_coverageSchema":"1a1c01bbd47fc00a2c39e90264f33305004495a9","hash":"dbf6820b312952cfa2506efd3787a7fe387d8e70"}
}
