TN:
SF:config/jest/jestEmptyComponent.tsx
FN:1,(anonymous_0)
FNF:1
FNH:1
FNDA:9,(anonymous_0)
DA:1,9
LF:1
LH:1
BRF:0
BRH:0
end_of_record
TN:
SF:src/app/providers/ThemeProvider/index.ts
FNF:0
FNH:0
LF:0
LH:0
BRF:0
BRH:0
end_of_record
TN:
SF:src/app/providers/ThemeProvider/lib/ThemeContext.ts
FNF:0
FNH:0
DA:13,1
DA:15,1
LF:2
LH:2
BRF:0
BRH:0
end_of_record
TN:
SF:src/app/providers/ThemeProvider/lib/useTheme.ts
FN:9,(anonymous_0)
FN:12,(anonymous_1)
FNF:2
FNH:1
FNDA:3,(anonymous_0)
FNDA:0,(anonymous_1)
DA:9,1
DA:10,3
DA:12,3
DA:13,0
DA:14,0
DA:15,0
DA:18,3
LF:7
LH:4
BRDA:13,0,0,0
BRDA:13,0,1,0
BRF:2
BRH:0
end_of_record
TN:
SF:src/app/providers/ThemeProvider/ui/ThemeProvider.tsx
FN:17,(anonymous_0)
FN:21,(anonymous_1)
FNF:2
FNH:0
FNDA:0,(anonymous_0)
FNDA:0,(anonymous_1)
DA:15,1
DA:17,1
DA:18,0
DA:20,0
DA:21,0
DA:28,0
LF:6
LH:2
BRDA:15,0,0,1
BRDA:15,0,1,1
BRF:2
BRH:2
end_of_record
TN:
SF:src/pages/AboutPage/index.ts
FNF:0
FNH:0
LF:0
LH:0
BRF:0
BRH:0
end_of_record
TN:
SF:src/pages/AboutPage/ui/AboutPage.async.tsx
FN:3,(anonymous_0)
FNF:1
FNH:0
FNDA:0,(anonymous_0)
DA:3,1
LF:1
LH:1
BRF:0
BRH:0
end_of_record
TN:
SF:src/pages/MainPage/index.ts
FNF:0
FNH:0
LF:0
LH:0
BRF:0
BRH:0
end_of_record
TN:
SF:src/pages/MainPage/ui/MainPage.async.tsx
FN:3,(anonymous_0)
FNF:1
FNH:0
FNDA:0,(anonymous_0)
DA:3,1
LF:1
LH:1
BRF:0
BRH:0
end_of_record
TN:
SF:src/pages/NotFoundPage/index.ts
FNF:0
FNH:0
LF:0
LH:0
BRF:0
BRH:0
end_of_record
TN:
SF:src/pages/NotFoundPage/ui/NotFoundPage.async.tsx
FN:3,(anonymous_0)
FNF:1
FNH:0
FNDA:0,(anonymous_0)
DA:3,1
LF:1
LH:1
BRF:0
BRH:0
end_of_record
TN:
SF:src/shared/config/i18n/i18nForTest.ts
FN:15,(anonymous_0)
FN:16,(anonymous_1)
FNF:2
FNH:1
FNDA:1,(anonymous_0)
FNDA:0,(anonymous_1)
DA:4,1
DA:15,1
DA:16,0
LF:3
LH:2
BRF:0
BRH:0
end_of_record
TN:
SF:src/shared/config/routeConfig/routeConfig.tsx
FNF:0
FNH:0
DA:12,1
DA:19,1
LF:2
LH:2
BRF:0
BRH:0
end_of_record
TN:
SF:src/shared/lib/classNames/classNames.ts
FN:3,classNames
FN:12,(anonymous_1)
FN:13,(anonymous_2)
FNF:3
FNH:3
FNDA:28,classNames
FNDA:20,(anonymous_1)
FNDA:8,(anonymous_2)
DA:8,28
DA:12,20
DA:13,8
LF:3
LH:3
BRDA:5,0,0,1
BRDA:6,1,0,1
BRF:2
BRH:2
end_of_record
TN:
SF:src/shared/lib/tests/componentRender/componentRender.tsx
FN:11,(anonymous_0)
FNF:1
FNH:1
FNDA:2,(anonymous_0)
DA:11,1
DA:15,2
DA:17,2
LF:3
LH:3
BRDA:13,0,0,2
BRDA:15,1,0,2
BRF:2
BRH:2
end_of_record
TN:
SF:src/shared/ui/AppLink/AppLink.tsx
FN:18,(anonymous_0)
FNF:1
FNH:1
FNDA:6,(anonymous_0)
DA:18,1
DA:25,6
DA:27,6
LF:3
LH:3
BRDA:23,0,0,0
BRF:1
BRH:0
end_of_record
TN:
SF:src/shared/ui/Button/Button.tsx
FN:29,(anonymous_0)
FNF:1
FNH:1
FNDA:11,(anonymous_0)
DA:29,2
DA:37,11
DA:39,11
DA:40,11
DA:42,11
LF:5
LH:5
BRDA:33,0,0,4
BRDA:34,1,0,11
BRDA:35,2,0,8
BRF:3
BRH:3
end_of_record
TN:
SF:src/widgets/LangSwitcher/index.ts
FNF:0
FNH:0
LF:0
LH:0
BRF:0
BRH:0
end_of_record
TN:
SF:src/widgets/LangSwitcher/ui/LangSwitcher.tsx
FN:11,(anonymous_0)
FN:15,(anonymous_1)
FN:17,(anonymous_2)
FN:18,(anonymous_3)
FNF:4
FNH:1
FNDA:3,(anonymous_0)
FNDA:0,(anonymous_1)
FNDA:0,(anonymous_2)
FNDA:0,(anonymous_3)
DA:11,1
DA:12,3
DA:13,3
DA:15,3
DA:16,0
DA:17,0
DA:18,0
DA:22,3
LF:8
LH:5
BRDA:16,0,0,0
BRDA:16,0,1,0
BRDA:27,1,0,1
BRDA:27,1,1,2
BRF:4
BRH:2
end_of_record
TN:
SF:src/widgets/Sidebar/index.ts
FNF:0
FNH:0
LF:0
LH:0
BRF:0
BRH:0
end_of_record
TN:
SF:src/widgets/Sidebar/ui/Sidebar/Sidebar.tsx
FN:17,(anonymous_0)
FN:23,(anonymous_1)
FN:24,(anonymous_2)
FNF:3
FNH:3
FNDA:3,(anonymous_0)
FNDA:1,(anonymous_1)
FNDA:1,(anonymous_2)
DA:17,1
DA:18,3
DA:19,3
DA:21,3
DA:23,3
DA:24,1
DA:27,3
LF:7
LH:7
BRDA:41,0,0,1
BRDA:41,0,1,2
BRF:2
BRH:2
end_of_record
TN:
SF:src/widgets/ThemeSwitcher/index.ts
FNF:0
FNH:0
LF:0
LH:0
BRF:0
BRH:0
end_of_record
TN:
SF:src/widgets/ThemeSwitcher/ui/ThemeSwitcher.tsx
FN:7,(anonymous_0)
FNF:1
FNH:1
FNDA:3,(anonymous_0)
DA:7,1
DA:8,3
DA:10,3
LF:3
LH:3
BRDA:13,0,0,0
BRDA:13,0,1,3
BRF:2
BRH:1
end_of_record
